<?xml version="1.0" encoding="UTF-8"?>
<!-- Generated by org.testng.reporters.JUnitReportReporter -->
<testsuite hostname="DESKTOP-DEPQ5QO" failures="0" tests="1" name="com.qt.testcases.TestNGClasses" time="43.713" errors="0" timestamp="2023-06-03T12:50:56 IST" skipped="0">
  <testcase classname="com.qt.testcases.TestNGClasses" name="createAccount" time="43.713"/>
  <system-out/>
</testsuite> <!-- com.qt.testcases.TestNGClasses -->
